Assuming unrestricted shared filesystem usage.
host: CosmosClimae
Building DAG of jobs...
Using shell: /usr/bin/bash
Provided cores: 1 (use --cores to define parallelism)
Rules claiming more threads will be scaled down.
Job stats:
job                       count
----------------------  -------
era5_monthly_1991_2020        1
total                         1

Select jobs to execute...
Execute 1 jobs...
[Fri Feb  6 18:46:18 2026]
localrule era5_monthly_1991_2020:
    output: /mnt/e/CMIP6/ERA5/derived/HEATSTRESS_mon_ERA5_gr025_1991-2020.nc
    jobid: 0
    reason: Missing output files: /mnt/e/CMIP6/ERA5/derived/HEATSTRESS_mon_ERA5_gr025_1991-2020.nc
    resources: tmpdir=/tmp
Terminating processes on user request, this might take some time.
RuleException:
CalledProcessError in file "/mnt/e/Project_SNAKE/heat-stress-cmip6/Snakefile", line 43:
Command 'set -euo pipefail;  bash pipeline/heatstress_era5_monthly_snake.sh /mnt/e/CMIP6/ERA5 /mnt/e/CMIP6/ERA5/derived' died with <Signals.SIGINT: 2>.
[Fri Feb  6 18:53:51 2026]
Error in rule era5_monthly_1991_2020:
    message: None
    jobid: 0
    output: /mnt/e/CMIP6/ERA5/derived/HEATSTRESS_mon_ERA5_gr025_1991-2020.nc
    shell:
        bash pipeline/heatstress_era5_monthly_snake.sh /mnt/e/CMIP6/ERA5 /mnt/e/CMIP6/ERA5/derived
        (command exited with non-zero exit code)
Complete log(s): /mnt/e/Project_SNAKE/heat-stress-cmip6/.snakemake/log/2026-02-06T184618.890886.snakemake.log
WorkflowError:
At least one job did not complete successfully.
