Assuming unrestricted shared filesystem usage.
host: CosmosClimae
Building DAG of jobs...
Using shell: /usr/bin/bash
Provided cores: 3
Rules claiming more threads will be scaled down.
Job stats:
job                           count
--------------------------  -------
all                               1
compute_historical                1
compute_ssp126                    1
compute_ssp245                    2
compute_ssp585                    1
era5_monthly_1991_2020            1
future_pack                      16
pseudo_hist_pack_1991_2020        1
total                            24

Select jobs to execute...
Execute 3 jobs...
[Sun Feb  8 14:49:06 2026]
localrule future_pack:
    input: /mnt/c/Data/HEAT_STRESS_MONTHLY/IPSL-CM6A-LR/ssp585/HEATSTRESS_mon_IPSL-CM6A-LR_ssp585_2020-2100.nc
    output: /mnt/c/Data/HEAT_STRESS_MONTHLY/IPSL-CM6A-LR/packs/HEATSTRESS_pack_IPSL-CM6A-LR_ssp585_2071-2100.nc
    jobid: 32
    reason: Missing output files: /mnt/c/Data/HEAT_STRESS_MONTHLY/IPSL-CM6A-LR/packs/HEATSTRESS_pack_IPSL-CM6A-LR_ssp585_2071-2100.nc
    wildcards: model=IPSL-CM6A-LR, scen=ssp585, win=2071-2100
    resources: tmpdir=/tmp
[Sun Feb  8 14:49:06 2026]
localrule future_pack:
    input: /mnt/c/Data/HEAT_STRESS_MONTHLY/MPI-ESM1-2-HR/ssp245/HEATSTRESS_mon_MPI-ESM1-2-HR_ssp245_2020-2100.nc
    output: /mnt/c/Data/HEAT_STRESS_MONTHLY/MPI-ESM1-2-HR/packs/HEATSTRESS_pack_MPI-ESM1-2-HR_ssp245_2071-2100.nc
    jobid: 36
    reason: Forced execution
    wildcards: model=MPI-ESM1-2-HR, scen=ssp245, win=2071-2100
    resources: tmpdir=/tmp
[Sun Feb  8 14:49:06 2026]
localrule compute_ssp245:
    output: /mnt/c/Data/HEAT_STRESS_MONTHLY/GFDL-ESM4/ssp245/HEATSTRESS_mon_GFDL-ESM4_ssp245_2020-2100.nc
    jobid: 16
    reason: Missing output files: /mnt/c/Data/HEAT_STRESS_MONTHLY/GFDL-ESM4/ssp245/HEATSTRESS_mon_GFDL-ESM4_ssp245_2020-2100.nc
    wildcards: model=GFDL-ESM4
    resources: tmpdir=/tmp
Select jobs to execute...
[Sun Feb  8 14:50:43 2026]
Finished jobid: 36 (Rule: future_pack)
1 of 24 steps (4%) done
Execute 1 jobs...
[Sun Feb  8 14:50:43 2026]
localrule future_pack:
    input: /mnt/c/Data/HEAT_STRESS_MONTHLY/IPSL-CM6A-LR/ssp245/HEATSTRESS_mon_IPSL-CM6A-LR_ssp245_2020-2100.nc
    output: /mnt/c/Data/HEAT_STRESS_MONTHLY/IPSL-CM6A-LR/packs/HEATSTRESS_pack_IPSL-CM6A-LR_ssp245_2041-2070.nc
    jobid: 29
    reason: Forced execution
    wildcards: model=IPSL-CM6A-LR, scen=ssp245, win=2041-2070
    resources: tmpdir=/tmp
Select jobs to execute...
[Sun Feb  8 14:50:44 2026]
Finished jobid: 32 (Rule: future_pack)
2 of 24 steps (8%) done
Execute 1 jobs...
[Sun Feb  8 14:50:44 2026]
localrule future_pack:
    input: /mnt/c/Data/HEAT_STRESS_MONTHLY/GFDL-ESM4/ssp126/HEATSTRESS_mon_GFDL-ESM4_ssp126_2015-2100.nc
    output: /mnt/c/Data/HEAT_STRESS_MONTHLY/GFDL-ESM4/packs/HEATSTRESS_pack_GFDL-ESM4_ssp126_2041-2070.nc
    jobid: 51
    reason: Missing output files: /mnt/c/Data/HEAT_STRESS_MONTHLY/GFDL-ESM4/packs/HEATSTRESS_pack_GFDL-ESM4_ssp126_2041-2070.nc
    wildcards: model=GFDL-ESM4, scen=ssp126, win=2041-2070
    resources: tmpdir=/tmp
Select jobs to execute...
[Sun Feb  8 14:52:23 2026]
Finished jobid: 29 (Rule: future_pack)
3 of 24 steps (12%) done
Execute 1 jobs...
[Sun Feb  8 14:52:23 2026]
localrule era5_monthly_1991_2020:
    output: /mnt/e/CMIP6/ERA5/derived/HEATSTRESS_mon_ERA5_gr025_1991-2020.nc
    jobid: 1
    reason: Missing output files: /mnt/e/CMIP6/ERA5/derived/HEATSTRESS_mon_ERA5_gr025_1991-2020.nc
    resources: tmpdir=/tmp
Select jobs to execute...
[Sun Feb  8 14:52:23 2026]
Finished jobid: 51 (Rule: future_pack)
4 of 24 steps (17%) done
Execute 1 jobs...
[Sun Feb  8 14:52:23 2026]
localrule future_pack:
    input: /mnt/c/Data/HEAT_STRESS_MONTHLY/UKESM1-0-LL/ssp126/HEATSTRESS_mon_UKESM1-0-LL_ssp126_2015-2100.nc
    output: /mnt/c/Data/HEAT_STRESS_MONTHLY/UKESM1-0-LL/packs/HEATSTRESS_pack_UKESM1-0-LL_ssp126_2041-2070.nc
    jobid: 45
    reason: Missing output files: /mnt/c/Data/HEAT_STRESS_MONTHLY/UKESM1-0-LL/packs/HEATSTRESS_pack_UKESM1-0-LL_ssp126_2041-2070.nc
    wildcards: model=UKESM1-0-LL, scen=ssp126, win=2041-2070
    resources: tmpdir=/tmp
Select jobs to execute...
[Sun Feb  8 14:54:03 2026]
Finished jobid: 45 (Rule: future_pack)
5 of 24 steps (21%) done
Execute 1 jobs...
[Sun Feb  8 14:54:03 2026]
localrule compute_ssp126:
    output: /mnt/c/Data/HEAT_STRESS_MONTHLY/MRI-ESM2-0/ssp126/HEATSTRESS_mon_MRI-ESM2-0_ssp126_2015-2100.nc
    jobid: 9
    reason: Missing output files: /mnt/c/Data/HEAT_STRESS_MONTHLY/MRI-ESM2-0/ssp126/HEATSTRESS_mon_MRI-ESM2-0_ssp126_2015-2100.nc
    wildcards: model=MRI-ESM2-0
    resources: tmpdir=/tmp
Select jobs to execute...
[Sun Feb  8 15:44:57 2026]
Finished jobid: 16 (Rule: compute_ssp245)
6 of 24 steps (25%) done
Execute 1 jobs...
[Sun Feb  8 15:44:57 2026]
localrule future_pack:
    input: /mnt/c/Data/HEAT_STRESS_MONTHLY/GFDL-ESM4/ssp245/HEATSTRESS_mon_GFDL-ESM4_ssp245_2020-2100.nc
    output: /mnt/c/Data/HEAT_STRESS_MONTHLY/GFDL-ESM4/packs/HEATSTRESS_pack_GFDL-ESM4_ssp245_2041-2070.nc
    jobid: 53
    reason: Missing output files: /mnt/c/Data/HEAT_STRESS_MONTHLY/GFDL-ESM4/packs/HEATSTRESS_pack_GFDL-ESM4_ssp245_2041-2070.nc; Input files updated by another job: /mnt/c/Data/HEAT_STRESS_MONTHLY/GFDL-ESM4/ssp245/HEATSTRESS_mon_GFDL-ESM4_ssp245_2020-2100.nc
    wildcards: model=GFDL-ESM4, scen=ssp245, win=2041-2070
    resources: tmpdir=/tmp
Select jobs to execute...
[Sun Feb  8 15:46:24 2026]
Finished jobid: 53 (Rule: future_pack)
7 of 24 steps (29%) done
Execute 1 jobs...
[Sun Feb  8 15:46:24 2026]
localrule compute_ssp245:
    output: /mnt/c/Data/HEAT_STRESS_MONTHLY/MRI-ESM2-0/ssp245/HEATSTRESS_mon_MRI-ESM2-0_ssp245_2020-2100.nc
    jobid: 14
    reason: Missing output files: /mnt/c/Data/HEAT_STRESS_MONTHLY/MRI-ESM2-0/ssp245/HEATSTRESS_mon_MRI-ESM2-0_ssp245_2020-2100.nc
    wildcards: model=MRI-ESM2-0
    resources: tmpdir=/tmp
Select jobs to execute...
Will exit after finishing currently running jobs (scheduler).
Will exit after finishing currently running jobs (scheduler).
Will exit after finishing currently running jobs (scheduler).
RuleException:
CalledProcessError in file "/mnt/e/Project_SNAKE/heat-stress-cmip6/Snakefile", line 61:
Command 'set -euo pipefail;  bash pipeline/heatstress_nexgddp_monthly_snake.sh /mnt/e/CMIP6/NEX-GDDP /mnt/c/Data/HEAT_STRESS_MONTHLY MRI-ESM2-0 ssp245' died with <Signals.SIGTERM: 15>.
[Sun Feb  8 16:00:00 2026]
Error in rule compute_ssp245:
    message: None
    jobid: 14
    output: /mnt/c/Data/HEAT_STRESS_MONTHLY/MRI-ESM2-0/ssp245/HEATSTRESS_mon_MRI-ESM2-0_ssp245_2020-2100.nc
    shell:
        bash pipeline/heatstress_nexgddp_monthly_snake.sh /mnt/e/CMIP6/NEX-GDDP /mnt/c/Data/HEAT_STRESS_MONTHLY MRI-ESM2-0 ssp245
        (command exited with non-zero exit code)
RuleException:
CalledProcessError in file "/mnt/e/Project_SNAKE/heat-stress-cmip6/Snakefile", line 43:
Command 'set -euo pipefail;  bash pipeline/heatstress_era5_monthly_snake.sh /mnt/e/CMIP6/ERA5 /mnt/e/CMIP6/ERA5/derived' died with <Signals.SIGTERM: 15>.
RuleException:
CalledProcessError in file "/mnt/e/Project_SNAKE/heat-stress-cmip6/Snakefile", line 55:
Command 'set -euo pipefail;  bash pipeline/heatstress_nexgddp_monthly_snake.sh /mnt/e/CMIP6/NEX-GDDP /mnt/c/Data/HEAT_STRESS_MONTHLY MRI-ESM2-0 ssp126' died with <Signals.SIGTERM: 15>.
[Sun Feb  8 16:00:00 2026]
Error in rule era5_monthly_1991_2020:
    message: None
    jobid: 1
    output: /mnt/e/CMIP6/ERA5/derived/HEATSTRESS_mon_ERA5_gr025_1991-2020.nc
    shell:
        bash pipeline/heatstress_era5_monthly_snake.sh /mnt/e/CMIP6/ERA5 /mnt/e/CMIP6/ERA5/derived
        (command exited with non-zero exit code)
[Sun Feb  8 16:00:00 2026]
Error in rule compute_ssp126:
    message: None
    jobid: 9
    output: /mnt/c/Data/HEAT_STRESS_MONTHLY/MRI-ESM2-0/ssp126/HEATSTRESS_mon_MRI-ESM2-0_ssp126_2015-2100.nc
    shell:
        bash pipeline/heatstress_nexgddp_monthly_snake.sh /mnt/e/CMIP6/NEX-GDDP /mnt/c/Data/HEAT_STRESS_MONTHLY MRI-ESM2-0 ssp126
        (command exited with non-zero exit code)
Will exit after finishing currently running jobs (scheduler).
Will exit after finishing currently running jobs (scheduler).
Shutting down, this might take some time.
Complete log(s): /mnt/e/Project_SNAKE/heat-stress-cmip6/.snakemake/log/2026-02-08T144905.089524.snakemake.log
WorkflowError:
At least one job did not complete successfully.
