Assuming unrestricted shared filesystem usage.
host: CosmosClimae
Building DAG of jobs...
Using shell: /usr/bin/bash
Provided cores: 1 (use --cores to define parallelism)
Rules claiming more threads will be scaled down.
Job stats:
job                   count
------------------  -------
compute_historical        1
total                     1

Select jobs to execute...
Execute 1 jobs...
[Fri Feb  6 19:17:42 2026]
localrule compute_historical:
    output: /mnt/c/Data/HEAT_STRESS_MONTHLY/GFDL-ESM4/historical/HEATSTRESS_mon_GFDL-ESM4_historical_1991-2014.nc
    jobid: 0
    reason: Missing output files: /mnt/c/Data/HEAT_STRESS_MONTHLY/GFDL-ESM4/historical/HEATSTRESS_mon_GFDL-ESM4_historical_1991-2014.nc
    wildcards: model=GFDL-ESM4
    resources: tmpdir=/tmp
[Fri Feb  6 20:59:46 2026]
Finished jobid: 0 (Rule: compute_historical)
1 of 1 steps (100%) done
Complete log(s): /mnt/e/Project_SNAKE/heat-stress-cmip6/.snakemake/log/2026-02-06T191742.080203.snakemake.log
