Assuming unrestricted shared filesystem usage.
host: CosmosClimae
Building DAG of jobs...
Using shell: /usr/bin/bash
Provided cores: 3
Rules claiming more threads will be scaled down.
Job stats:
job                       count
----------------------  -------
all                           1
era5_monthly_1991_2020        1
total                         2

Select jobs to execute...
Execute 1 jobs...
[Mon Feb  9 07:46:26 2026]
localrule era5_monthly_1991_2020:
    output: /mnt/e/CMIP6/ERA5/derived/HEATSTRESS_mon_ERA5_gr025_1991-2020.nc
    jobid: 1
    reason: Missing output files: /mnt/e/CMIP6/ERA5/derived/HEATSTRESS_mon_ERA5_gr025_1991-2020.nc
    resources: tmpdir=/tmp
[Mon Feb  9 07:55:02 2026]
Finished jobid: 1 (Rule: era5_monthly_1991_2020)
1 of 2 steps (50%) done
Select jobs to execute...
Execute 1 jobs...
[Mon Feb  9 07:55:03 2026]
localrule all:
    input: /mnt/e/CMIP6/ERA5/derived/HEATSTRESS_mon_ERA5_gr025_1991-2020.nc, /mnt/c/Data/HEAT_STRESS_MONTHLY/IPSL-CM6A-LR/historical/HEATSTRESS_mon_IPSL-CM6A-LR_historical_1991-2014.nc, /mnt/c/Data/HEAT_STRESS_MONTHLY/MPI-ESM1-2-HR/historical/HEATSTRESS_mon_MPI-ESM1-2-HR_historical_1991-2014.nc, /mnt/c/Data/HEAT_STRESS_MONTHLY/MRI-ESM2-0/historical/HEATSTRESS_mon_MRI-ESM2-0_historical_1991-2014.nc, /mnt/c/Data/HEAT_STRESS_MONTHLY/UKESM1-0-LL/historical/HEATSTRESS_mon_UKESM1-0-LL_historical_1991-2014.nc, /mnt/c/Data/HEAT_STRESS_MONTHLY/GFDL-ESM4/historical/HEATSTRESS_mon_GFDL-ESM4_historical_1991-2014.nc, /mnt/c/Data/HEAT_STRESS_MONTHLY/IPSL-CM6A-LR/ssp126/HEATSTRESS_mon_IPSL-CM6A-LR_ssp126_2015-2100.nc, /mnt/c/Data/HEAT_STRESS_MONTHLY/MPI-ESM1-2-HR/ssp126/HEATSTRESS_mon_MPI-ESM1-2-HR_ssp126_2015-2100.nc, /mnt/c/Data/HEAT_STRESS_MONTHLY/MRI-ESM2-0/ssp126/HEATSTRESS_mon_MRI-ESM2-0_ssp126_2015-2100.nc, /mnt/c/Data/HEAT_STRESS_MONTHLY/UKESM1-0-LL/ssp126/HEATSTRESS_mon_UKESM1-0-LL_ssp126_2015-2100.nc, /mnt/c/Data/HEAT_STRESS_MONTHLY/GFDL-ESM4/ssp126/HEATSTRESS_mon_GFDL-ESM4_ssp126_2015-2100.nc, /mnt/c/Data/HEAT_STRESS_MONTHLY/IPSL-CM6A-LR/ssp245/HEATSTRESS_mon_IPSL-CM6A-LR_ssp245_2020-2100.nc, /mnt/c/Data/HEAT_STRESS_MONTHLY/MPI-ESM1-2-HR/ssp245/HEATSTRESS_mon_MPI-ESM1-2-HR_ssp245_2020-2100.nc, /mnt/c/Data/HEAT_STRESS_MONTHLY/MRI-ESM2-0/ssp245/HEATSTRESS_mon_MRI-ESM2-0_ssp245_2020-2100.nc, /mnt/c/Data/HEAT_STRESS_MONTHLY/UKESM1-0-LL/ssp245/HEATSTRESS_mon_UKESM1-0-LL_ssp245_2020-2100.nc, /mnt/c/Data/HEAT_STRESS_MONTHLY/GFDL-ESM4/ssp245/HEATSTRESS_mon_GFDL-ESM4_ssp245_2020-2100.nc, /mnt/c/Data/HEAT_STRESS_MONTHLY/IPSL-CM6A-LR/ssp585/HEATSTRESS_mon_IPSL-CM6A-LR_ssp585_2020-2100.nc, /mnt/c/Data/HEAT_STRESS_MONTHLY/MPI-ESM1-2-HR/ssp585/HEATSTRESS_mon_MPI-ESM1-2-HR_ssp585_2020-2100.nc, /mnt/c/Data/HEAT_STRESS_MONTHLY/MRI-ESM2-0/ssp585/HEATSTRESS_mon_MRI-ESM2-0_ssp585_2020-2100.nc, /mnt/c/Data/HEAT_STRESS_MONTHLY/UKESM1-0-LL/ssp585/HEATSTRESS_mon_UKESM1-0-LL_ssp585_2020-2100.nc, /mnt/c/Data/HEAT_STRESS_MONTHLY/GFDL-ESM4/ssp585/HEATSTRESS_mon_GFDL-ESM4_ssp585_2020-2100.nc, /mnt/c/Data/HEAT_STRESS_MONTHLY/IPSL-CM6A-LR/packs/HEATSTRESS_pack_IPSL-CM6A-LR_pseudoHist_1991-2020.nc, /mnt/c/Data/HEAT_STRESS_MONTHLY/MPI-ESM1-2-HR/packs/HEATSTRESS_pack_MPI-ESM1-2-HR_pseudoHist_1991-2020.nc, /mnt/c/Data/HEAT_STRESS_MONTHLY/MRI-ESM2-0/packs/HEATSTRESS_pack_MRI-ESM2-0_pseudoHist_1991-2020.nc, /mnt/c/Data/HEAT_STRESS_MONTHLY/UKESM1-0-LL/packs/HEATSTRESS_pack_UKESM1-0-LL_pseudoHist_1991-2020.nc, /mnt/c/Data/HEAT_STRESS_MONTHLY/GFDL-ESM4/packs/HEATSTRESS_pack_GFDL-ESM4_pseudoHist_1991-2020.nc, /mnt/c/Data/HEAT_STRESS_MONTHLY/IPSL-CM6A-LR/packs/HEATSTRESS_pack_IPSL-CM6A-LR_ssp126_2041-2070.nc, /mnt/c/Data/HEAT_STRESS_MONTHLY/IPSL-CM6A-LR/packs/HEATSTRESS_pack_IPSL-CM6A-LR_ssp126_2071-2100.nc, /mnt/c/Data/HEAT_STRESS_MONTHLY/IPSL-CM6A-LR/packs/HEATSTRESS_pack_IPSL-CM6A-LR_ssp245_2041-2070.nc, /mnt/c/Data/HEAT_STRESS_MONTHLY/IPSL-CM6A-LR/packs/HEATSTRESS_pack_IPSL-CM6A-LR_ssp245_2071-2100.nc, /mnt/c/Data/HEAT_STRESS_MONTHLY/IPSL-CM6A-LR/packs/HEATSTRESS_pack_IPSL-CM6A-LR_ssp585_2041-2070.nc, /mnt/c/Data/HEAT_STRESS_MONTHLY/IPSL-CM6A-LR/packs/HEATSTRESS_pack_IPSL-CM6A-LR_ssp585_2071-2100.nc, /mnt/c/Data/HEAT_STRESS_MONTHLY/MPI-ESM1-2-HR/packs/HEATSTRESS_pack_MPI-ESM1-2-HR_ssp126_2041-2070.nc, /mnt/c/Data/HEAT_STRESS_MONTHLY/MPI-ESM1-2-HR/packs/HEATSTRESS_pack_MPI-ESM1-2-HR_ssp126_2071-2100.nc, /mnt/c/Data/HEAT_STRESS_MONTHLY/MPI-ESM1-2-HR/packs/HEATSTRESS_pack_MPI-ESM1-2-HR_ssp245_2041-2070.nc, /mnt/c/Data/HEAT_STRESS_MONTHLY/MPI-ESM1-2-HR/packs/HEATSTRESS_pack_MPI-ESM1-2-HR_ssp245_2071-2100.nc, /mnt/c/Data/HEAT_STRESS_MONTHLY/MPI-ESM1-2-HR/packs/HEATSTRESS_pack_MPI-ESM1-2-HR_ssp585_2041-2070.nc, /mnt/c/Data/HEAT_STRESS_MONTHLY/MPI-ESM1-2-HR/packs/HEATSTRESS_pack_MPI-ESM1-2-HR_ssp585_2071-2100.nc, /mnt/c/Data/HEAT_STRESS_MONTHLY/MRI-ESM2-0/packs/HEATSTRESS_pack_MRI-ESM2-0_ssp126_2041-2070.nc, /mnt/c/Data/HEAT_STRESS_MONTHLY/MRI-ESM2-0/packs/HEATSTRESS_pack_MRI-ESM2-0_ssp126_2071-2100.nc, /mnt/c/Data/HEAT_STRESS_MONTHLY/MRI-ESM2-0/packs/HEATSTRESS_pack_MRI-ESM2-0_ssp245_2041-2070.nc, /mnt/c/Data/HEAT_STRESS_MONTHLY/MRI-ESM2-0/packs/HEATSTRESS_pack_MRI-ESM2-0_ssp245_2071-2100.nc, /mnt/c/Data/HEAT_STRESS_MONTHLY/MRI-ESM2-0/packs/HEATSTRESS_pack_MRI-ESM2-0_ssp585_2041-2070.nc, /mnt/c/Data/HEAT_STRESS_MONTHLY/MRI-ESM2-0/packs/HEATSTRESS_pack_MRI-ESM2-0_ssp585_2071-2100.nc, /mnt/c/Data/HEAT_STRESS_MONTHLY/UKESM1-0-LL/packs/HEATSTRESS_pack_UKESM1-0-LL_ssp126_2041-2070.nc, /mnt/c/Data/HEAT_STRESS_MONTHLY/UKESM1-0-LL/packs/HEATSTRESS_pack_UKESM1-0-LL_ssp126_2071-2100.nc, /mnt/c/Data/HEAT_STRESS_MONTHLY/UKESM1-0-LL/packs/HEATSTRESS_pack_UKESM1-0-LL_ssp245_2041-2070.nc, /mnt/c/Data/HEAT_STRESS_MONTHLY/UKESM1-0-LL/packs/HEATSTRESS_pack_UKESM1-0-LL_ssp245_2071-2100.nc, /mnt/c/Data/HEAT_STRESS_MONTHLY/UKESM1-0-LL/packs/HEATSTRESS_pack_UKESM1-0-LL_ssp585_2041-2070.nc, /mnt/c/Data/HEAT_STRESS_MONTHLY/UKESM1-0-LL/packs/HEATSTRESS_pack_UKESM1-0-LL_ssp585_2071-2100.nc, /mnt/c/Data/HEAT_STRESS_MONTHLY/GFDL-ESM4/packs/HEATSTRESS_pack_GFDL-ESM4_ssp126_2041-2070.nc, /mnt/c/Data/HEAT_STRESS_MONTHLY/GFDL-ESM4/packs/HEATSTRESS_pack_GFDL-ESM4_ssp126_2071-2100.nc, /mnt/c/Data/HEAT_STRESS_MONTHLY/GFDL-ESM4/packs/HEATSTRESS_pack_GFDL-ESM4_ssp245_2041-2070.nc, /mnt/c/Data/HEAT_STRESS_MONTHLY/GFDL-ESM4/packs/HEATSTRESS_pack_GFDL-ESM4_ssp245_2071-2100.nc, /mnt/c/Data/HEAT_STRESS_MONTHLY/GFDL-ESM4/packs/HEATSTRESS_pack_GFDL-ESM4_ssp585_2041-2070.nc, /mnt/c/Data/HEAT_STRESS_MONTHLY/GFDL-ESM4/packs/HEATSTRESS_pack_GFDL-ESM4_ssp585_2071-2100.nc
    jobid: 0
    reason: Input files updated by another job: /mnt/e/CMIP6/ERA5/derived/HEATSTRESS_mon_ERA5_gr025_1991-2020.nc
    resources: tmpdir=/tmp
[Mon Feb  9 07:55:03 2026]
Finished jobid: 0 (Rule: all)
2 of 2 steps (100%) done
Complete log(s): /mnt/e/Project_SNAKE/heat-stress-cmip6/.snakemake/log/2026-02-09T074626.210601.snakemake.log
