Assuming unrestricted shared filesystem usage.
host: CosmosClimae
Building DAG of jobs...
Using shell: /usr/bin/bash
Provided cores: 3
Rules claiming more threads will be scaled down.
Job stats:
job               count
--------------  -------
all                   1
ensemble_stats        2
future_pack           1
total                 4

Select jobs to execute...
Execute 2 jobs...
[Mon Feb  9 10:38:18 2026]
localrule future_pack:
    input: /mnt/c/Data/HEAT_STRESS_MONTHLY/MPI-ESM1-2-HR/ssp245/HEATSTRESS_mon_MPI-ESM1-2-HR_ssp245_2020-2100.nc
    output: /mnt/c/Data/HEAT_STRESS_MONTHLY/MPI-ESM1-2-HR/packs/HEATSTRESS_pack_MPI-ESM1-2-HR_ssp245_2041-2070.nc
    jobid: 35
    reason: Missing output files: /mnt/c/Data/HEAT_STRESS_MONTHLY/MPI-ESM1-2-HR/packs/HEATSTRESS_pack_MPI-ESM1-2-HR_ssp245_2041-2070.nc
    wildcards: model=MPI-ESM1-2-HR, scen=ssp245, win=2041-2070
    resources: tmpdir=/tmp
[Mon Feb  9 10:38:18 2026]
localrule ensemble_stats:
    input: /mnt/c/Data/HEAT_STRESS_MONTHLY/IPSL-CM6A-LR/packs/HEATSTRESS_pack_IPSL-CM6A-LR_ssp126_2071-2100.nc, /mnt/c/Data/HEAT_STRESS_MONTHLY/MPI-ESM1-2-HR/packs/HEATSTRESS_pack_MPI-ESM1-2-HR_ssp126_2071-2100.nc, /mnt/c/Data/HEAT_STRESS_MONTHLY/MRI-ESM2-0/packs/HEATSTRESS_pack_MRI-ESM2-0_ssp126_2071-2100.nc, /mnt/c/Data/HEAT_STRESS_MONTHLY/UKESM1-0-LL/packs/HEATSTRESS_pack_UKESM1-0-LL_ssp126_2071-2100.nc, /mnt/c/Data/HEAT_STRESS_MONTHLY/GFDL-ESM4/packs/HEATSTRESS_pack_GFDL-ESM4_ssp126_2071-2100.nc
    output: /mnt/c/Data/HEAT_STRESS_MONTHLY/ENSEMBLE/ssp126/2071-2100/HEATSTRESS_ensmean_ssp126_2071-2100.nc, /mnt/c/Data/HEAT_STRESS_MONTHLY/ENSEMBLE/ssp126/2071-2100/HEATSTRESS_ensmin_ssp126_2071-2100.nc, /mnt/c/Data/HEAT_STRESS_MONTHLY/ENSEMBLE/ssp126/2071-2100/HEATSTRESS_ensmax_ssp126_2071-2100.nc
    jobid: 59
    reason: Missing output files: /mnt/c/Data/HEAT_STRESS_MONTHLY/ENSEMBLE/ssp126/2071-2100/HEATSTRESS_ensmean_ssp126_2071-2100.nc, /mnt/c/Data/HEAT_STRESS_MONTHLY/ENSEMBLE/ssp126/2071-2100/HEATSTRESS_ensmin_ssp126_2071-2100.nc, /mnt/c/Data/HEAT_STRESS_MONTHLY/ENSEMBLE/ssp126/2071-2100/HEATSTRESS_ensmax_ssp126_2071-2100.nc
    wildcards: scen=ssp126, win=2071-2100
    resources: tmpdir=/tmp
[Mon Feb  9 10:39:42 2026]
Finished jobid: 35 (Rule: future_pack)
1 of 4 steps (25%) done
Select jobs to execute...
Execute 1 jobs...
[Mon Feb  9 10:39:42 2026]
localrule ensemble_stats:
    input: /mnt/c/Data/HEAT_STRESS_MONTHLY/IPSL-CM6A-LR/packs/HEATSTRESS_pack_IPSL-CM6A-LR_ssp245_2041-2070.nc, /mnt/c/Data/HEAT_STRESS_MONTHLY/MPI-ESM1-2-HR/packs/HEATSTRESS_pack_MPI-ESM1-2-HR_ssp245_2041-2070.nc, /mnt/c/Data/HEAT_STRESS_MONTHLY/MRI-ESM2-0/packs/HEATSTRESS_pack_MRI-ESM2-0_ssp245_2041-2070.nc, /mnt/c/Data/HEAT_STRESS_MONTHLY/UKESM1-0-LL/packs/HEATSTRESS_pack_UKESM1-0-LL_ssp245_2041-2070.nc, /mnt/c/Data/HEAT_STRESS_MONTHLY/GFDL-ESM4/packs/HEATSTRESS_pack_GFDL-ESM4_ssp245_2041-2070.nc
    output: /mnt/c/Data/HEAT_STRESS_MONTHLY/ENSEMBLE/ssp245/2041-2070/HEATSTRESS_ensmean_ssp245_2041-2070.nc, /mnt/c/Data/HEAT_STRESS_MONTHLY/ENSEMBLE/ssp245/2041-2070/HEATSTRESS_ensmin_ssp245_2041-2070.nc, /mnt/c/Data/HEAT_STRESS_MONTHLY/ENSEMBLE/ssp245/2041-2070/HEATSTRESS_ensmax_ssp245_2041-2070.nc
    jobid: 60
    reason: Missing output files: /mnt/c/Data/HEAT_STRESS_MONTHLY/ENSEMBLE/ssp245/2041-2070/HEATSTRESS_ensmean_ssp245_2041-2070.nc, /mnt/c/Data/HEAT_STRESS_MONTHLY/ENSEMBLE/ssp245/2041-2070/HEATSTRESS_ensmin_ssp245_2041-2070.nc, /mnt/c/Data/HEAT_STRESS_MONTHLY/ENSEMBLE/ssp245/2041-2070/HEATSTRESS_ensmax_ssp245_2041-2070.nc; Input files updated by another job: /mnt/c/Data/HEAT_STRESS_MONTHLY/MPI-ESM1-2-HR/packs/HEATSTRESS_pack_MPI-ESM1-2-HR_ssp245_2041-2070.nc
    wildcards: scen=ssp245, win=2041-2070
    resources: tmpdir=/tmp
[Mon Feb  9 10:49:37 2026]
Finished jobid: 59 (Rule: ensemble_stats)
2 of 4 steps (50%) done
[Mon Feb  9 10:50:48 2026]
Finished jobid: 60 (Rule: ensemble_stats)
3 of 4 steps (75%) done
Select jobs to execute...
Execute 1 jobs...
[Mon Feb  9 10:50:49 2026]
localrule all:
    input: /mnt/c/Data/HEAT_STRESS_MONTHLY/ERA5/packs/HEATSTRESS_mon_ERA5_gr025_1991-2020.nc, /mnt/c/Data/HEAT_STRESS_MONTHLY/IPSL-CM6A-LR/historical/HEATSTRESS_mon_IPSL-CM6A-LR_historical_1991-2014.nc, /mnt/c/Data/HEAT_STRESS_MONTHLY/MPI-ESM1-2-HR/historical/HEATSTRESS_mon_MPI-ESM1-2-HR_historical_1991-2014.nc, /mnt/c/Data/HEAT_STRESS_MONTHLY/MRI-ESM2-0/historical/HEATSTRESS_mon_MRI-ESM2-0_historical_1991-2014.nc, /mnt/c/Data/HEAT_STRESS_MONTHLY/UKESM1-0-LL/historical/HEATSTRESS_mon_UKESM1-0-LL_historical_1991-2014.nc, /mnt/c/Data/HEAT_STRESS_MONTHLY/GFDL-ESM4/historical/HEATSTRESS_mon_GFDL-ESM4_historical_1991-2014.nc, /mnt/c/Data/HEAT_STRESS_MONTHLY/IPSL-CM6A-LR/ssp126/HEATSTRESS_mon_IPSL-CM6A-LR_ssp126_2015-2100.nc, /mnt/c/Data/HEAT_STRESS_MONTHLY/MPI-ESM1-2-HR/ssp126/HEATSTRESS_mon_MPI-ESM1-2-HR_ssp126_2015-2100.nc, /mnt/c/Data/HEAT_STRESS_MONTHLY/MRI-ESM2-0/ssp126/HEATSTRESS_mon_MRI-ESM2-0_ssp126_2015-2100.nc, /mnt/c/Data/HEAT_STRESS_MONTHLY/UKESM1-0-LL/ssp126/HEATSTRESS_mon_UKESM1-0-LL_ssp126_2015-2100.nc, /mnt/c/Data/HEAT_STRESS_MONTHLY/GFDL-ESM4/ssp126/HEATSTRESS_mon_GFDL-ESM4_ssp126_2015-2100.nc, /mnt/c/Data/HEAT_STRESS_MONTHLY/IPSL-CM6A-LR/ssp245/HEATSTRESS_mon_IPSL-CM6A-LR_ssp245_2020-2100.nc, /mnt/c/Data/HEAT_STRESS_MONTHLY/MPI-ESM1-2-HR/ssp245/HEATSTRESS_mon_MPI-ESM1-2-HR_ssp245_2020-2100.nc, /mnt/c/Data/HEAT_STRESS_MONTHLY/MRI-ESM2-0/ssp245/HEATSTRESS_mon_MRI-ESM2-0_ssp245_2020-2100.nc, /mnt/c/Data/HEAT_STRESS_MONTHLY/UKESM1-0-LL/ssp245/HEATSTRESS_mon_UKESM1-0-LL_ssp245_2020-2100.nc, /mnt/c/Data/HEAT_STRESS_MONTHLY/GFDL-ESM4/ssp245/HEATSTRESS_mon_GFDL-ESM4_ssp245_2020-2100.nc, /mnt/c/Data/HEAT_STRESS_MONTHLY/IPSL-CM6A-LR/ssp585/HEATSTRESS_mon_IPSL-CM6A-LR_ssp585_2020-2100.nc, /mnt/c/Data/HEAT_STRESS_MONTHLY/MPI-ESM1-2-HR/ssp585/HEATSTRESS_mon_MPI-ESM1-2-HR_ssp585_2020-2100.nc, /mnt/c/Data/HEAT_STRESS_MONTHLY/MRI-ESM2-0/ssp585/HEATSTRESS_mon_MRI-ESM2-0_ssp585_2020-2100.nc, /mnt/c/Data/HEAT_STRESS_MONTHLY/UKESM1-0-LL/ssp585/HEATSTRESS_mon_UKESM1-0-LL_ssp585_2020-2100.nc, /mnt/c/Data/HEAT_STRESS_MONTHLY/GFDL-ESM4/ssp585/HEATSTRESS_mon_GFDL-ESM4_ssp585_2020-2100.nc, /mnt/c/Data/HEAT_STRESS_MONTHLY/IPSL-CM6A-LR/packs/HEATSTRESS_pack_IPSL-CM6A-LR_pseudoHist_1991-2020.nc, /mnt/c/Data/HEAT_STRESS_MONTHLY/MPI-ESM1-2-HR/packs/HEATSTRESS_pack_MPI-ESM1-2-HR_pseudoHist_1991-2020.nc, /mnt/c/Data/HEAT_STRESS_MONTHLY/MRI-ESM2-0/packs/HEATSTRESS_pack_MRI-ESM2-0_pseudoHist_1991-2020.nc, /mnt/c/Data/HEAT_STRESS_MONTHLY/UKESM1-0-LL/packs/HEATSTRESS_pack_UKESM1-0-LL_pseudoHist_1991-2020.nc, /mnt/c/Data/HEAT_STRESS_MONTHLY/GFDL-ESM4/packs/HEATSTRESS_pack_GFDL-ESM4_pseudoHist_1991-2020.nc, /mnt/c/Data/HEAT_STRESS_MONTHLY/IPSL-CM6A-LR/packs/HEATSTRESS_pack_IPSL-CM6A-LR_ssp126_2041-2070.nc, /mnt/c/Data/HEAT_STRESS_MONTHLY/IPSL-CM6A-LR/packs/HEATSTRESS_pack_IPSL-CM6A-LR_ssp126_2071-2100.nc, /mnt/c/Data/HEAT_STRESS_MONTHLY/IPSL-CM6A-LR/packs/HEATSTRESS_pack_IPSL-CM6A-LR_ssp245_2041-2070.nc, /mnt/c/Data/HEAT_STRESS_MONTHLY/IPSL-CM6A-LR/packs/HEATSTRESS_pack_IPSL-CM6A-LR_ssp245_2071-2100.nc, /mnt/c/Data/HEAT_STRESS_MONTHLY/IPSL-CM6A-LR/packs/HEATSTRESS_pack_IPSL-CM6A-LR_ssp585_2041-2070.nc, /mnt/c/Data/HEAT_STRESS_MONTHLY/IPSL-CM6A-LR/packs/HEATSTRESS_pack_IPSL-CM6A-LR_ssp585_2071-2100.nc, /mnt/c/Data/HEAT_STRESS_MONTHLY/MPI-ESM1-2-HR/packs/HEATSTRESS_pack_MPI-ESM1-2-HR_ssp126_2041-2070.nc, /mnt/c/Data/HEAT_STRESS_MONTHLY/MPI-ESM1-2-HR/packs/HEATSTRESS_pack_MPI-ESM1-2-HR_ssp126_2071-2100.nc, /mnt/c/Data/HEAT_STRESS_MONTHLY/MPI-ESM1-2-HR/packs/HEATSTRESS_pack_MPI-ESM1-2-HR_ssp245_2041-2070.nc, /mnt/c/Data/HEAT_STRESS_MONTHLY/MPI-ESM1-2-HR/packs/HEATSTRESS_pack_MPI-ESM1-2-HR_ssp245_2071-2100.nc, /mnt/c/Data/HEAT_STRESS_MONTHLY/MPI-ESM1-2-HR/packs/HEATSTRESS_pack_MPI-ESM1-2-HR_ssp585_2041-2070.nc, /mnt/c/Data/HEAT_STRESS_MONTHLY/MPI-ESM1-2-HR/packs/HEATSTRESS_pack_MPI-ESM1-2-HR_ssp585_2071-2100.nc, /mnt/c/Data/HEAT_STRESS_MONTHLY/MRI-ESM2-0/packs/HEATSTRESS_pack_MRI-ESM2-0_ssp126_2041-2070.nc, /mnt/c/Data/HEAT_STRESS_MONTHLY/MRI-ESM2-0/packs/HEATSTRESS_pack_MRI-ESM2-0_ssp126_2071-2100.nc, /mnt/c/Data/HEAT_STRESS_MONTHLY/MRI-ESM2-0/packs/HEATSTRESS_pack_MRI-ESM2-0_ssp245_2041-2070.nc, /mnt/c/Data/HEAT_STRESS_MONTHLY/MRI-ESM2-0/packs/HEATSTRESS_pack_MRI-ESM2-0_ssp245_2071-2100.nc, /mnt/c/Data/HEAT_STRESS_MONTHLY/MRI-ESM2-0/packs/HEATSTRESS_pack_MRI-ESM2-0_ssp585_2041-2070.nc, /mnt/c/Data/HEAT_STRESS_MONTHLY/MRI-ESM2-0/packs/HEATSTRESS_pack_MRI-ESM2-0_ssp585_2071-2100.nc, /mnt/c/Data/HEAT_STRESS_MONTHLY/UKESM1-0-LL/packs/HEATSTRESS_pack_UKESM1-0-LL_ssp126_2041-2070.nc, /mnt/c/Data/HEAT_STRESS_MONTHLY/UKESM1-0-LL/packs/HEATSTRESS_pack_UKESM1-0-LL_ssp126_2071-2100.nc, /mnt/c/Data/HEAT_STRESS_MONTHLY/UKESM1-0-LL/packs/HEATSTRESS_pack_UKESM1-0-LL_ssp245_2041-2070.nc, /mnt/c/Data/HEAT_STRESS_MONTHLY/UKESM1-0-LL/packs/HEATSTRESS_pack_UKESM1-0-LL_ssp245_2071-2100.nc, /mnt/c/Data/HEAT_STRESS_MONTHLY/UKESM1-0-LL/packs/HEATSTRESS_pack_UKESM1-0-LL_ssp585_2041-2070.nc, /mnt/c/Data/HEAT_STRESS_MONTHLY/UKESM1-0-LL/packs/HEATSTRESS_pack_UKESM1-0-LL_ssp585_2071-2100.nc, /mnt/c/Data/HEAT_STRESS_MONTHLY/GFDL-ESM4/packs/HEATSTRESS_pack_GFDL-ESM4_ssp126_2041-2070.nc, /mnt/c/Data/HEAT_STRESS_MONTHLY/GFDL-ESM4/packs/HEATSTRESS_pack_GFDL-ESM4_ssp126_2071-2100.nc, /mnt/c/Data/HEAT_STRESS_MONTHLY/GFDL-ESM4/packs/HEATSTRESS_pack_GFDL-ESM4_ssp245_2041-2070.nc, /mnt/c/Data/HEAT_STRESS_MONTHLY/GFDL-ESM4/packs/HEATSTRESS_pack_GFDL-ESM4_ssp245_2071-2100.nc, /mnt/c/Data/HEAT_STRESS_MONTHLY/GFDL-ESM4/packs/HEATSTRESS_pack_GFDL-ESM4_ssp585_2041-2070.nc, /mnt/c/Data/HEAT_STRESS_MONTHLY/GFDL-ESM4/packs/HEATSTRESS_pack_GFDL-ESM4_ssp585_2071-2100.nc, /mnt/c/Data/HEAT_STRESS_MONTHLY/ENSEMBLE/pseudoHist/1991-2020/HEATSTRESS_ensmean_pseudoHist_1991-2020.nc, /mnt/c/Data/HEAT_STRESS_MONTHLY/ENSEMBLE/pseudoHist/1991-2020/HEATSTRESS_ensmin_pseudoHist_1991-2020.nc, /mnt/c/Data/HEAT_STRESS_MONTHLY/ENSEMBLE/pseudoHist/1991-2020/HEATSTRESS_ensmax_pseudoHist_1991-2020.nc, /mnt/c/Data/HEAT_STRESS_MONTHLY/ENSEMBLE/ssp126/2041-2070/HEATSTRESS_ensmean_ssp126_2041-2070.nc, /mnt/c/Data/HEAT_STRESS_MONTHLY/ENSEMBLE/ssp126/2071-2100/HEATSTRESS_ensmean_ssp126_2071-2100.nc, /mnt/c/Data/HEAT_STRESS_MONTHLY/ENSEMBLE/ssp245/2041-2070/HEATSTRESS_ensmean_ssp245_2041-2070.nc, /mnt/c/Data/HEAT_STRESS_MONTHLY/ENSEMBLE/ssp245/2071-2100/HEATSTRESS_ensmean_ssp245_2071-2100.nc, /mnt/c/Data/HEAT_STRESS_MONTHLY/ENSEMBLE/ssp585/2041-2070/HEATSTRESS_ensmean_ssp585_2041-2070.nc, /mnt/c/Data/HEAT_STRESS_MONTHLY/ENSEMBLE/ssp585/2071-2100/HEATSTRESS_ensmean_ssp585_2071-2100.nc, /mnt/c/Data/HEAT_STRESS_MONTHLY/ENSEMBLE/ssp126/2041-2070/HEATSTRESS_ensmin_ssp126_2041-2070.nc, /mnt/c/Data/HEAT_STRESS_MONTHLY/ENSEMBLE/ssp126/2071-2100/HEATSTRESS_ensmin_ssp126_2071-2100.nc, /mnt/c/Data/HEAT_STRESS_MONTHLY/ENSEMBLE/ssp245/2041-2070/HEATSTRESS_ensmin_ssp245_2041-2070.nc, /mnt/c/Data/HEAT_STRESS_MONTHLY/ENSEMBLE/ssp245/2071-2100/HEATSTRESS_ensmin_ssp245_2071-2100.nc, /mnt/c/Data/HEAT_STRESS_MONTHLY/ENSEMBLE/ssp585/2041-2070/HEATSTRESS_ensmin_ssp585_2041-2070.nc, /mnt/c/Data/HEAT_STRESS_MONTHLY/ENSEMBLE/ssp585/2071-2100/HEATSTRESS_ensmin_ssp585_2071-2100.nc, /mnt/c/Data/HEAT_STRESS_MONTHLY/ENSEMBLE/ssp126/2041-2070/HEATSTRESS_ensmax_ssp126_2041-2070.nc, /mnt/c/Data/HEAT_STRESS_MONTHLY/ENSEMBLE/ssp126/2071-2100/HEATSTRESS_ensmax_ssp126_2071-2100.nc, /mnt/c/Data/HEAT_STRESS_MONTHLY/ENSEMBLE/ssp245/2041-2070/HEATSTRESS_ensmax_ssp245_2041-2070.nc, /mnt/c/Data/HEAT_STRESS_MONTHLY/ENSEMBLE/ssp245/2071-2100/HEATSTRESS_ensmax_ssp245_2071-2100.nc, /mnt/c/Data/HEAT_STRESS_MONTHLY/ENSEMBLE/ssp585/2041-2070/HEATSTRESS_ensmax_ssp585_2041-2070.nc, /mnt/c/Data/HEAT_STRESS_MONTHLY/ENSEMBLE/ssp585/2071-2100/HEATSTRESS_ensmax_ssp585_2071-2100.nc
    jobid: 0
    reason: Input files updated by another job: /mnt/c/Data/HEAT_STRESS_MONTHLY/ENSEMBLE/ssp126/2071-2100/HEATSTRESS_ensmean_ssp126_2071-2100.nc, /mnt/c/Data/HEAT_STRESS_MONTHLY/ENSEMBLE/ssp245/2041-2070/HEATSTRESS_ensmin_ssp245_2041-2070.nc, /mnt/c/Data/HEAT_STRESS_MONTHLY/ENSEMBLE/ssp245/2041-2070/HEATSTRESS_ensmax_ssp245_2041-2070.nc, /mnt/c/Data/HEAT_STRESS_MONTHLY/ENSEMBLE/ssp245/2041-2070/HEATSTRESS_ensmean_ssp245_2041-2070.nc, /mnt/c/Data/HEAT_STRESS_MONTHLY/ENSEMBLE/ssp126/2071-2100/HEATSTRESS_ensmin_ssp126_2071-2100.nc, /mnt/c/Data/HEAT_STRESS_MONTHLY/MPI-ESM1-2-HR/packs/HEATSTRESS_pack_MPI-ESM1-2-HR_ssp245_2041-2070.nc, /mnt/c/Data/HEAT_STRESS_MONTHLY/ENSEMBLE/ssp126/2071-2100/HEATSTRESS_ensmax_ssp126_2071-2100.nc
    resources: tmpdir=/tmp
[Mon Feb  9 10:50:49 2026]
Finished jobid: 0 (Rule: all)
4 of 4 steps (100%) done
Complete log(s): /mnt/e/Project_SNAKE/heat-stress-cmip6/.snakemake/log/2026-02-09T103817.511376.snakemake.log
