Assuming unrestricted shared filesystem usage.
host: CosmosClimae
Building DAG of jobs...
Using shell: /usr/bin/bash
Provided cores: 1 (use --cores to define parallelism)
Rules claiming more threads will be scaled down.
Job stats:
job                   count
------------------  -------
compute_historical        1
total                     1

Select jobs to execute...
Execute 1 jobs...
[Fri Feb  6 18:45:55 2026]
localrule compute_historical:
    output: /mnt/c/Data/HEAT_STRESS_MONTHLY/GFDL-ESM4/historical/HEATSTRESS_mon_GFDL-ESM4_historical_1991-2014.nc
    jobid: 0
    reason: Missing output files: /mnt/c/Data/HEAT_STRESS_MONTHLY/GFDL-ESM4/historical/HEATSTRESS_mon_GFDL-ESM4_historical_1991-2014.nc
    wildcards: model=GFDL-ESM4
    resources: tmpdir=/tmp
RuleException:
CalledProcessError in file "/mnt/e/Project_SNAKE/heat-stress-cmip6/Snakefile", line 49:
Command 'set -euo pipefail;  bash pipeline/heatstress_nexgddp_monthly_snake.sh /mnt/e/CMIP6/NEX-GDDP /mnt/c/Data/HEAT_STRESS_MONTHLY GFDL-ESM4 historical' returned non-zero exit status 1.
[Fri Feb  6 18:45:56 2026]
Error in rule compute_historical:
    message: None
    jobid: 0
    output: /mnt/c/Data/HEAT_STRESS_MONTHLY/GFDL-ESM4/historical/HEATSTRESS_mon_GFDL-ESM4_historical_1991-2014.nc
    shell:
        bash pipeline/heatstress_nexgddp_monthly_snake.sh /mnt/e/CMIP6/NEX-GDDP /mnt/c/Data/HEAT_STRESS_MONTHLY GFDL-ESM4 historical
        (command exited with non-zero exit code)
Shutting down, this might take some time.
Exiting because a job execution failed. Look below for error messages
[Fri Feb  6 18:45:56 2026]
Error in rule compute_historical:
    message: None
    jobid: 0
    output: /mnt/c/Data/HEAT_STRESS_MONTHLY/GFDL-ESM4/historical/HEATSTRESS_mon_GFDL-ESM4_historical_1991-2014.nc
    shell:
        bash pipeline/heatstress_nexgddp_monthly_snake.sh /mnt/e/CMIP6/NEX-GDDP /mnt/c/Data/HEAT_STRESS_MONTHLY GFDL-ESM4 historical
        (command exited with non-zero exit code)
Complete log(s): /mnt/e/Project_SNAKE/heat-stress-cmip6/.snakemake/log/2026-02-06T184555.635579.snakemake.log
WorkflowError:
At least one job did not complete successfully.
